[debug] [2018-07-23T02:52:00.391Z] ----------------------------------------------------------------------
[debug] [2018-07-23T02:52:00.406Z] Command:       C:\Program Files\nodejs\node.exe C:\Users\asus\AppData\Roaming\npm\node_modules\firebase-tools\bin\firebase init
[debug] [2018-07-23T02:52:00.406Z] CLI Version:   3.19.3
[debug] [2018-07-23T02:52:00.406Z] Platform:      win32
[debug] [2018-07-23T02:52:00.406Z] Node Version:  v8.11.3
[debug] [2018-07-23T02:52:00.406Z] Time:          Sun Jul 22 2018 21:52:00 GMT-0500 (Hora de verano central (México))
[debug] [2018-07-23T02:52:00.406Z] ----------------------------------------------------------------------
[debug] 
[debug] [2018-07-23T02:52:00.422Z] > command requires scopes: ["email","openid","https://www.googleapis.com/auth/cloudplatformprojects.readonly","https://www.googleapis.com/auth/firebase"]
[debug] [2018-07-23T02:52:00.422Z] > authorizing via signed-in user
[info] 
     ######## #### ########  ######## ########     ###     ######  ########
     ##        ##  ##     ## ##       ##     ##  ##   ##  ##       ##
     ######    ##  ########  ######   ########  #########  ######  ######
     ##        ##  ##    ##  ##       ##     ## ##     ##       ## ##
     ##       #### ##     ## ######## ########  ##     ##  ######  ########

You're about to initialize a Firebase project in this directory:

  C:\Users\asus\Desktop\reto red social\cdmx-2018-06-bc-core-am-social-network

[debug] [2018-07-23T02:55:44.485Z] ----------------------------------------------------------------------
[debug] [2018-07-23T02:55:44.501Z] Command:       C:\Program Files\nodejs\node.exe C:\Users\asus\AppData\Roaming\npm\node_modules\firebase-tools\bin\firebase init
[debug] [2018-07-23T02:55:44.501Z] CLI Version:   3.19.3
[debug] [2018-07-23T02:55:44.501Z] Platform:      win32
[debug] [2018-07-23T02:55:44.501Z] Node Version:  v8.11.3
[debug] [2018-07-23T02:55:44.501Z] Time:          Sun Jul 22 2018 21:55:44 GMT-0500 (Hora de verano central (México))
[debug] [2018-07-23T02:55:44.501Z] ----------------------------------------------------------------------
[debug] 
[debug] [2018-07-23T02:55:44.516Z] > command requires scopes: ["email","openid","https://www.googleapis.com/auth/cloudplatformprojects.readonly","https://www.googleapis.com/auth/firebase"]
[debug] [2018-07-23T02:55:44.516Z] > authorizing via signed-in user
[info] 
     ######## #### ########  ######## ########     ###     ######  ########
     ##        ##  ##     ## ##       ##     ##  ##   ##  ##       ##
     ######    ##  ########  ######   ########  #########  ######  ######
     ##        ##  ##    ##  ##       ##     ## ##     ##       ## ##
     ##       #### ##     ## ######## ########  ##     ##  ######  ########

You're about to initialize a Firebase project in this directory:

  C:\Users\asus\Desktop\reto red social\cdmx-2018-06-bc-core-am-social-network

[info] 
=== Project Setup
[info] 
[info] First, let's associate this project directory with a Firebase project.
[info] You can create multiple project aliases by running firebase use --add, 
[info] but for now we'll just set up a default project.
[info] 
[debug] [2018-07-23T02:56:03.688Z] > refreshing access token with scopes: ["email","https://www.googleapis.com/auth/cloudplatformprojects.readonly","https://www.googleapis.com/auth/firebase","openid"]
[debug] [2018-07-23T02:56:03.688Z] >>> HTTP REQUEST POST https://www.googleapis.com/oauth2/v3/token  
 { refresh_token: '1/MhRUzO4JfVOiOJgr2JTqnqVEeNGAdjfYtG0bR-GCa1E',
  client_id: '563584335869-fgrhgmd47bqnekij5i8b5pr03ho849e6.apps.googleusercontent.com',
  client_secret: 'j9iVZfS8kkCEFUPaAeJV0sAi',
  grant_type: 'refresh_token',
  scope: 'email https://www.googleapis.com/auth/cloudplatformprojects.readonly https://www.googleapis.com/auth/firebase openid' } 
 Sun Jul 22 2018 21:56:03 GMT-0500 (Hora de verano central (México))
[debug] [2018-07-23T02:56:04.563Z] <<< HTTP RESPONSE 200
[debug] [2018-07-23T02:56:04.579Z] >>> HTTP REQUEST GET https://admin.firebase.com/v1/projects  
  
 Sun Jul 22 2018 21:56:04 GMT-0500 (Hora de verano central (México))
[debug] [2018-07-23T02:56:05.093Z] <<< HTTP RESPONSE 200
[debug] [2018-07-23T03:02:24.787Z] ----------------------------------------------------------------------
[debug] [2018-07-23T03:02:24.787Z] Command:       C:\Program Files\nodejs\node.exe C:\Users\asus\AppData\Roaming\npm\node_modules\firebase-tools\bin\firebase init
[debug] [2018-07-23T03:02:24.787Z] CLI Version:   3.19.3
[debug] [2018-07-23T03:02:24.787Z] Platform:      win32
[debug] [2018-07-23T03:02:24.787Z] Node Version:  v8.11.3
[debug] [2018-07-23T03:02:24.787Z] Time:          Sun Jul 22 2018 22:02:24 GMT-0500 (Hora de verano central (México))
[debug] [2018-07-23T03:02:24.787Z] ----------------------------------------------------------------------
[debug] 
[debug] [2018-07-23T03:02:24.802Z] > command requires scopes: ["email","openid","https://www.googleapis.com/auth/cloudplatformprojects.readonly","https://www.googleapis.com/auth/firebase"]
[debug] [2018-07-23T03:02:24.802Z] > authorizing via signed-in user
[info] 
     ######## #### ########  ######## ########     ###     ######  ########
     ##        ##  ##     ## ##       ##     ##  ##   ##  ##       ##
     ######    ##  ########  ######   ########  #########  ######  ######
     ##        ##  ##    ##  ##       ##     ## ##     ##       ## ##
     ##       #### ##     ## ######## ########  ##     ##  ######  ########

You're about to initialize a Firebase project in this directory:

  C:\Users\asus\Desktop\reto red social\cdmx-2018-06-bc-core-am-social-network

